2020-10-18 17:15:45.325776: I tensorflow/core/platform/cpu_feature_guard.cc:141] Your CPU supports instructions that this TensorFlow binary was not compiled to use: SSE4.1 SSE4.2 AVX AVX2 FMA
2020-10-18 17:15:45.337995: I tensorflow/core/platform/profile_utils/cpu_utils.cc:94] CPU Frequency: 2294690000 Hz
2020-10-18 17:15:45.343962: I tensorflow/compiler/xla/service/service.cc:150] XLA service 0x55dbd856dbf0 executing computations on platform Host. Devices:
2020-10-18 17:15:45.344017: I tensorflow/compiler/xla/service/service.cc:158]   StreamExecutor device (0): <undefined>, <undefined>
/home/ad181/anaconda3/lib/python3.7/site-packages/tensorflow/python/framework/dtypes.py:526: FutureWarning: Passing (type, 1) or '1type' as a synonym of type is deprecated; in a future version of numpy, it will be understood as (type, (1,)) / '(1,)type'.
  _np_qint8 = np.dtype([("qint8", np.int8, 1)])
/home/ad181/anaconda3/lib/python3.7/site-packages/tensorflow/python/framework/dtypes.py:527: FutureWarning: Passing (type, 1) or '1type' as a synonym of type is deprecated; in a future version of numpy, it will be understood as (type, (1,)) / '(1,)type'.
  _np_quint8 = np.dtype([("quint8", np.uint8, 1)])
/home/ad181/anaconda3/lib/python3.7/site-packages/tensorflow/python/framework/dtypes.py:528: FutureWarning: Passing (type, 1) or '1type' as a synonym of type is deprecated; in a future version of numpy, it will be understood as (type, (1,)) / '(1,)type'.
  _np_qint16 = np.dtype([("qint16", np.int16, 1)])
/home/ad181/anaconda3/lib/python3.7/site-packages/tensorflow/python/framework/dtypes.py:529: FutureWarning: Passing (type, 1) or '1type' as a synonym of type is deprecated; in a future version of numpy, it will be understood as (type, (1,)) / '(1,)type'.
  _np_quint16 = np.dtype([("quint16", np.uint16, 1)])
/home/ad181/anaconda3/lib/python3.7/site-packages/tensorflow/python/framework/dtypes.py:530: FutureWarning: Passing (type, 1) or '1type' as a synonym of type is deprecated; in a future version of numpy, it will be understood as (type, (1,)) / '(1,)type'.
  _np_qint32 = np.dtype([("qint32", np.int32, 1)])
/home/ad181/anaconda3/lib/python3.7/site-packages/tensorflow/python/framework/dtypes.py:535: FutureWarning: Passing (type, 1) or '1type' as a synonym of type is deprecated; in a future version of numpy, it will be understood as (type, (1,)) / '(1,)type'.
  np_resource = np.dtype([("resource", np.ubyte, 1)])
Using TensorFlow backend.
Exploration %: 96, Mean_reward: 10.27, timestep: 5000, tr_loss: 0.2088
Exploration %: 93, Mean_reward: 9.45, timestep: 10000, tr_loss: 0.1855
Exploration %: 90, Mean_reward: 9.58, timestep: 15000, tr_loss: 0.3973
Traceback (most recent call last):
  File "rl_package/dqn_vanilla/CartPole_v0.py", line 35, in <module>
    TARGET_UPDATE_FREQUENCY = 1000)
  File "/home/ad181/rl_package/rl_package/dqn_vanilla/dqn.py", line 295, in dqn_algorithm
    action = dqn_solver.act(state)
  File "/home/ad181/rl_package/rl_package/dqn_vanilla/dqn.py", line 95, in act
    q_values = self.model(state)
KeyboardInterrupt
